[2026-03-21T15:39:01.236Z] SERVER_START | Directory Server running on port 4000
[2026-03-21T16:11:19.779Z] RE-REGISTRATION | user="Parv" onion="a5jhkgkb47alnxcyv2tef56hb4z4vwstfm4hcvgujw26uxfy4wxr5uyd.onion"
[2026-03-21T16:37:58.119Z] RE-REGISTRATION | user="Vartika" onion="gniota6ty2zpdmfvpmpokznjbtgtunxb6bacfnz52op447p2gfzvgoid.onion"
[2026-03-21T16:38:20.190Z] RE-REGISTRATION | user="Parv" onion="a5jhkgkb47alnxcyv2tef56hb4z4vwstfm4hcvgujw26uxfy4wxr5uyd.onion"
[2026-03-21T16:40:07.988Z] NEW_REGISTRATION | user="Saini" onion="a5jhkgkb47alnxcyv2tef56hb4z4vwstfm4hcvgujw26uxfy4wxr5uyd.onion"
[2026-03-21T16:40:32.918Z] RE-REGISTRATION | user="Vartika" onion="gniota6ty2zpdmfvpmpokznjbtgtunxb6bacfnz52op447p2gfzvgoid.onion"
[2026-03-21T16:40:43.235Z] SEARCH | query="Vartika" results=1
[2026-03-21T17:03:33.878Z] SERVER_START | Directory Server running on port 4000
[2026-03-21T17:04:32.479Z] RE-REGISTRATION | user="Saini" onion="a5jhkgkb47alnxcyv2tef56hb4z4vwstfm4hcvgujw26uxfy4wxr5uyd.onion"
[2026-03-21T17:09:45.857Z] RE-REGISTRATION | user="Parv" onion="ycrivdgau3jjy4qg2axaz4nudt3jsynzgzpnnq3zaoy2ms4vixxo4aid.onion"
[2026-03-21T17:09:51.875Z] SEARCH | query="Saini" results=1
[2026-03-21T17:13:15.193Z] RE-REGISTRATION | user="Vartika" onion="gniota6ty2zpdmfvpmpokznjbtgtunxb6bacfnz52op447p2gfzvgoid.onion"
[2026-03-21T17:21:37.261Z] RE-REGISTRATION | user="Parv" onion="ycrivdgau3jjy4qg2axaz4nudt3jsynzgzpnnq3zaoy2ms4vixxo4aid.onion"
[2026-03-21T17:21:44.021Z] SEARCH | query="Saini" results=1
[2026-03-21T17:24:33.010Z] RE-REGISTRATION | user="Saini" onion="4ts7jctznrr7oed3fkfh4ycfvaykrufbuli2xqglou2akneodqbabdyd.onion"
[2026-03-21T17:27:37.030Z] RE-REGISTRATION | user="Parv" onion="a5jhkgkb47alnxcyv2tef56hb4z4vwstfm4hcvgujw26uxfy4wxr5uyd.onion"
[2026-03-21T17:27:55.753Z] SEARCH | query="Saini" results=1
[2026-03-21T17:27:57.275Z] SEARCH | query="Saini" results=1
[2026-03-21T17:29:00.960Z] SERVER_START | Directory Server running on port 4000
[2026-03-21T17:34:45.545Z] RE-REGISTRATION | user="Parv" onion="crivdgau3jjy4qg2axaz4nudt3jsynzgzpnnq3zaoy2ms4vixxo4aid.onion"
[2026-03-21T17:37:19.715Z] RE-REGISTRATION | user="Saini" onion="a5jhkgkb47alnxcyv2tef56hb4z4vwstfm4hcvgujw26uxfy4wxr5uyd.onion"
[2026-03-21T17:39:27.326Z] SEARCH | query="Parv" results=1
[2026-03-24T05:55:52.735Z] SERVER_START | Directory Server running on port 4000
[2026-03-24T06:44:30.778Z] SERVER_START | Directory Server running on port 4000
[2026-03-25T04:57:26.861Z] SERVER_START | Directory Server running on port 4000
[2026-03-25T05:07:01.621Z] RE-REGISTRATION | user="Parv" onion="ycrivdgau3jjy4qg2axaz4nudt3jsynzgzpnnq3zaoy2ms4vixxo4aid.onion"
[2026-03-25T06:10:51.638Z] NEW_REGISTRATION | user="Hardik" onion="7c5354t53hegn5f6rsflk5qdznxxx55qcmqsbs6p5mrezwyw5ufjrzid.onion"
[2026-03-25T06:11:20.712Z] SEARCH | query="Parv" results=1
[2026-03-25T06:23:11.356Z] RE-REGISTRATION | user="Hardik" onion="7c5354t53hegn5f6rsflk5qdznxxx55qcmqsbs6p5mrezwyw5ufjrzid.onion"
[2026-03-25T06:23:17.902Z] SEARCH | query="Parv" results=1
